<?xml version="1.0" encoding="UTF-8"?>
<!-- Generated by org.testng.reporters.JUnitReportReporter -->
<testsuite skipped="0" hostname="DESKTOP-9PKPNVV" name="Tugas.JakLabs.Tugas5" tests="1" failures="0" timestamp="14 Jun 2022 09:12:16 GMT" time="2.865" errors="0">
  <testcase name="Signin" time="2.865" classname="Tugas.JakLabs.Tugas5"/>
</testsuite> <!-- Tugas.JakLabs.Tugas5 -->
