<?xml version="1.0" encoding="UTF-8"?>
<!-- Generated by org.testng.reporters.JUnitReportReporter -->
<testsuite skipped="0" hostname="DESKTOP-9PKPNVV" name="TugasPertemuan5.Tugas5" tests="1" failures="0" timestamp="25 Jun 2022 08:49:06 GMT" time="8.509" errors="0">
  <testcase name="Register" time="8.509" classname="TugasPertemuan5.Tugas5"/>
</testsuite> <!-- TugasPertemuan5.Tugas5 -->
