<?xml version="1.0" encoding="UTF-8"?>
<!-- Generated by org.testng.reporters.JUnitReportReporter -->
<testsuite skipped="0" hostname="DESKTOP-9PKPNVV" name="TugasPertemuan4.AppTest" tests="1" failures="0" timestamp="17 Jun 2022 12:37:39 GMT" time="10.810" errors="0">
  <testcase name="test1" time="10.810" classname="TugasPertemuan4.AppTest"/>
</testsuite> <!-- TugasPertemuan4.AppTest -->
