<?xml version="1.0" encoding="UTF-8"?>
<!-- Generated by org.testng.reporters.JUnitReportReporter -->
<testsuite skipped="0" hostname="DESKTOP-9PKPNVV" name="TugasPertemuan3.AutomationPageFactory" tests="1" failures="0" timestamp="18 Jun 2022 05:00:44 GMT" time="7.946" errors="0">
  <testcase name="testLogin" time="7.946" classname="TugasPertemuan3.AutomationPageFactory"/>
</testsuite> <!-- TugasPertemuan3.AutomationPageFactory -->
