<?xml version="1.0" encoding="UTF-8"?>
<!-- Generated by org.testng.reporters.JUnitReportReporter -->
<testsuite skipped="0" hostname="DESKTOP-9PKPNVV" name="TugasPertuamuan3.AutomationPageFactory" tests="1" failures="0" timestamp="17 Jun 2022 12:32:19 GMT" time="5.700" errors="0">
  <testcase name="testLogin" time="5.700" classname="TugasPertuamuan3.AutomationPageFactory"/>
</testsuite> <!-- TugasPertuamuan3.AutomationPageFactory -->
