<?xml version="1.0" encoding="UTF-8"?>
<!-- Generated by org.testng.reporters.JUnitReportReporter -->
<testsuite skipped="0" hostname="DESKTOP-9PKPNVV" name="TugasPertemuan3.AutomationPageFactory" tests="1" failures="0" timestamp="25 Jun 2022 08:49:06 GMT" time="9.777" errors="0">
  <testcase name="testLogin" time="9.777" classname="TugasPertemuan3.AutomationPageFactory"/>
</testsuite> <!-- TugasPertemuan3.AutomationPageFactory -->
